<?xml version="1.0" encoding="UTF-8"?>
<!-- Generated by org.testng.reporters.JUnitReportReporter -->
<testsuite hostname="WCNJX186009-2PU" name="com.xujh.testng.FirstDemo" tests="1" failures="0" timestamp="2 Nov 2015 03:47:29 GMT" time="70.393" errors="0">
  <testcase name="openAllLinks" time="70.393" classname="com.xujh.testng.FirstDemo"/>
</testsuite> <!-- com.xujh.testng.FirstDemo -->
