<?xml version="1.0" encoding="UTF-8"?>
<!-- Generated by org.testng.reporters.JUnitReportReporter -->
<testsuite hostname="WCNJX186009-2PU" name="com.xujh.testng.NewTest" tests="2" failures="0" timestamp="6 Nov 2015 09:59:45 GMT" time="66.504" errors="0">
  <testcase name="f" time="20.895" classname="com.xujh.testng.NewTest"/>
  <testcase name="f" time="45.609" classname="com.xujh.testng.NewTest"/>
</testsuite> <!-- com.xujh.testng.NewTest -->
